<?xml version="1.0" encoding="UTF-8"?>
<!-- Generated by org.testng.reporters.JUnitXMLReporter -->
<testsuite ignored="0" hostname="macbook-pro-constantine.home" failures="0" tests="4" name="Go to apple home page" time="14.132" errors="0" timestamp="2022-03-13T16:55:27 CET">
  <testcase classname="tests.categoryList.positive.CategoryListTest" name="checkTheNumberOfCatalogButtons" time="0.035"/>
  <testcase classname="tests.categoryList.positive.CategoryListTest" name="checkRedirectingToCatalogPage" time="1.139"/>
  <testcase classname="tests.categoryList.positive.CategoryListTest" name="checkRedirectingToAppleProductPage" time="2.201"/>
  <testcase classname="tests.categoryList.positive.CategoryListTest" name="checkRedirectingToXiaomiProductPage" time="3.075"/>
</testsuite> <!-- Go to apple home page -->
