-------------------------------------------------------------------------------
Test set: TestSuite
-------------------------------------------------------------------------------
Tests run: 5, Failures: 1, Errors: 0, Skipped: 0, Time elapsed: 27.735 s <<< FAILURE! - in TestSuite
tests.search.positive.SearchPositiveTest.searchItem  Time elapsed: 4.543 s  <<< FAILURE!
java.lang.AssertionError: expected [true] but found [false]
	at tests.search.positive.SearchPositiveTest.searchItem(SearchPositiveTest.java:17)

