<?xml version="1.0" encoding="UTF-8"?>
<!-- Generated by org.testng.reporters.JUnitXMLReporter -->
<testsuite ignored="0" hostname="macbook-pro-constantine.home" failures="1" tests="1" name="Search items by using search field" time="7.683" errors="0" timestamp="2022-03-13T16:55:35 CET">
  <testcase classname="tests.search.positive.SearchPositiveTest" name="searchItem" time="4.238">
    <failure type="java.lang.AssertionError" message="expected [true] but found [false]">
      <![CDATA[java.lang.AssertionError: expected [true] but found [false]
at Pages.touchListingPage.TouchListingPage.productCardSearchResultContain(TouchListingPage.java:41)
at tests.search.positive.SearchPositiveTest.searchItem(SearchPositiveTest.java:17)
at java.base/java.util.ArrayList.forEach(ArrayList.java:1511)
... Removed 36 stack frames]]>
    </failure>
  </testcase> <!-- searchItem -->
</testsuite> <!-- Search items by using search field -->
